2016-09-17 15:20:37,425 DEBUG [mylog] This is debug : Naimish
2016-09-17 15:20:37,427 INFO  [mylog] This is info : Naimish
2016-09-17 15:20:37,427 WARN  [mylog] This is warn : Naimish
2016-09-17 15:20:37,427 ERROR [mylog] This is error : Naimish
2016-09-17 15:20:37,430 FATAL [mylog] This is fatal : Naimish
2016-09-17 15:41:44,373 DEBUG [mylog] This is debug : Naimish
2016-09-17 15:41:44,373 INFO  [mylog] This is info : Naimish
2016-09-17 15:41:44,373 WARN  [mylog] This is warn : Naimish
2016-09-17 15:41:44,374 ERROR [mylog] This is error : Naimish
2016-09-17 15:41:44,376 FATAL [mylog] This is fatal : Naimish
2016-09-17 15:43:42,502 DEBUG [mylog] This is debug : Naimish
2016-09-17 15:43:42,502 INFO  [mylog] This is info : Naimish
2016-09-17 15:43:42,502 WARN  [mylog] This is warn : Naimish
2016-09-17 15:43:42,502 ERROR [mylog] This is error : Naimish
2016-09-17 15:43:42,505 FATAL [mylog] This is fatal : Naimish
2016-09-17 15:43:48,248 DEBUG [mylog] This is debug : Naimish
2016-09-17 15:43:48,249 INFO  [mylog] This is info : Naimish
2016-09-17 15:43:48,249 WARN  [mylog] This is warn : Naimish
2016-09-17 15:43:48,249 ERROR [mylog] This is error : Naimish
2016-09-17 15:43:48,252 FATAL [mylog] This is fatal : Naimish
2016-09-17 15:55:22,902 DEBUG [mylog] Init mylog category ....
2016-09-17 16:17:30,775 DEBUG [mylog] Init mylog category ....
2016-09-17 16:17:30,775 INFO  [mylog] Application Started
2016-09-17 16:19:23,569 DEBUG [mylog] Init mylog category ....
2016-09-17 16:19:23,569 INFO  [mylog] Application Started..
